xrun(64): 24.09-s001: (c) Copyright 1995-2024 Cadence Design Systems, Inc.
TOOL:	xrun(64)	24.09-s001: Started on Mar 20, 2025 at 14:26:36 -03
xrun
	exec02.v
Recompiling... reason: file './exec02.v' is newer than expected.
	expected: Thu Mar 20 14:19:37 2025
	actual:   Thu Mar 20 14:26:34 2025
file: exec02.v
	module worklib.twelve_wrong:v
		errors: 0, warnings: 0
		Caching library 'worklib' ....... Done
	Elaborating the design hierarchy:
	Top level design units:
		twelve_wrong
	Building instance overlay tables: .................... Done
	Generating native compiled code:
		worklib.twelve_wrong:v <0x2619659c>
			streams:   0, words:     0
	Building instance specific data structures.
	Loading native compiled code:     .................... Done
	Design hierarchy summary:
		        Instances  Unique
		Modules:        1       1
		Registers:      4       4
		Always blocks:  1       1
	Writing initial simulation snapshot: worklib.twelve_wrong:v
Loading snapshot worklib.twelve_wrong:v .................... Done
xcelium> source /home/werlley/cadence/installs/XCELIUM2409/tools/xcelium/files/xmsimrc
xcelium> run
xmsim: *W,RNQUIE: Simulation is complete.
xcelium> exit
TOOL:	xrun(64)	24.09-s001: Exiting on Mar 20, 2025 at 14:26:38 -03  (total: 00:00:02)
